2022-10-02 10:38:54:042 => spider_input Start
2022-10-02 10:38:54:046 => wget Start
2022-10-02 10:38:54:515 => wget Close
2022-10-02 10:38:54:898 => Json2SQLite: INSERT INTO main (Time,Stock_code,Opening_price,Highest_price,Lowest_price,Closing_price,Price_difference) VALUES ('1110901','0056','28.49','28.51','28.32','28.44','-0.35');code = Constraint (19), message = System.Data.SQLite.SQLiteException (0x800027AF): constraint failed
UNIQUE constraint failed: main.Time, main.Stock_code
   at System.Data.SQLite.SQLite3.Reset(SQLiteStatement stmt)
   at System.Data.SQLite.SQLite3.Step(SQLiteStatement stmt)
   at System.Data.SQLite.SQLiteDataReader.NextResult()
   at System.Data.SQLite.SQLiteDataReader..ctor(SQLiteCommand cmd, CommandBehavior behave)
   at System.Data.SQLite.SQLiteCommand.ExecuteReader(CommandBehavior behavior)
   at System.Data.SQLite.SQLiteCommand.ExecuteNonQuery(CommandBehavior behavior)
   at System.Data.SQLite.SQLiteCommand.ExecuteNonQuery()
   at spider_input.SQLDataTableModel.SQLiteInsertUpdateDelete(String SqlSelectString) in C:\Users\user\Desktop\Stock_Message_Bot_Project\spider_input\SQLDataTableModel.cs:line 112
2022-10-02 10:38:54:906 => Json2SQLite: INSERT INTO main (Time,Stock_code,Opening_price,Highest_price,Lowest_price,Closing_price,Price_difference) VALUES ('1110902','0056','28.40','28.45','28.10','28.10','-0.34');code = Constraint (19), message = System.Data.SQLite.SQLiteException (0x800027AF): constraint failed
UNIQUE constraint failed: main.Time, main.Stock_code
   at System.Data.SQLite.SQLite3.Reset(SQLiteStatement stmt)
   at System.Data.SQLite.SQLite3.Step(SQLiteStatement stmt)
   at System.Data.SQLite.SQLiteDataReader.NextResult()
   at System.Data.SQLite.SQLiteDataReader..ctor(SQLiteCommand cmd, CommandBehavior behave)
   at System.Data.SQLite.SQLiteCommand.ExecuteReader(CommandBehavior behavior)
   at System.Data.SQLite.SQLiteCommand.ExecuteNonQuery(CommandBehavior behavior)
   at System.Data.SQLite.SQLiteCommand.ExecuteNonQuery()
   at spider_input.SQLDataTableModel.SQLiteInsertUpdateDelete(String SqlSelectString) in C:\Users\user\Desktop\Stock_Message_Bot_Project\spider_input\SQLDataTableModel.cs:line 112
2022-10-02 10:38:54:907 => Json2SQLite: INSERT INTO main (Time,Stock_code,Opening_price,Highest_price,Lowest_price,Closing_price,Price_difference) VALUES ('1110905','0056','28.06','28.20','27.96','28.18','+0.08');code = Constraint (19), message = System.Data.SQLite.SQLiteException (0x800027AF): constraint failed
UNIQUE constraint failed: main.Time, main.Stock_code
   at System.Data.SQLite.SQLite3.Reset(SQLiteStatement stmt)
   at System.Data.SQLite.SQLite3.Step(SQLiteStatement stmt)
   at System.Data.SQLite.SQLiteDataReader.NextResult()
   at System.Data.SQLite.SQLiteDataReader..ctor(SQLiteCommand cmd, CommandBehavior behave)
   at System.Data.SQLite.SQLiteCommand.ExecuteReader(CommandBehavior behavior)
   at System.Data.SQLite.SQLiteCommand.ExecuteNonQuery(CommandBehavior behavior)
   at System.Data.SQLite.SQLiteCommand.ExecuteNonQuery()
   at spider_input.SQLDataTableModel.SQLiteInsertUpdateDelete(String SqlSelectString) in C:\Users\user\Desktop\Stock_Message_Bot_Project\spider_input\SQLDataTableModel.cs:line 112
2022-10-02 10:38:54:909 => Json2SQLite: INSERT INTO main (Time,Stock_code,Opening_price,Highest_price,Lowest_price,Closing_price,Price_difference) VALUES ('1110906','0056','28.25','28.30','28.01','28.08','-0.10');code = Constraint (19), message = System.Data.SQLite.SQLiteException (0x800027AF): constraint failed
UNIQUE constraint failed: main.Time, main.Stock_code
   at System.Data.SQLite.SQLite3.Reset(SQLiteStatement stmt)
   at System.Data.SQLite.SQLite3.Step(SQLiteStatement stmt)
   at System.Data.SQLite.SQLiteDataReader.NextResult()
   at System.Data.SQLite.SQLiteDataReader..ctor(SQLiteCommand cmd, CommandBehavior behave)
   at System.Data.SQLite.SQLiteCommand.ExecuteReader(CommandBehavior behavior)
   at System.Data.SQLite.SQLiteCommand.ExecuteNonQuery(CommandBehavior behavior)
   at System.Data.SQLite.SQLiteCommand.ExecuteNonQuery()
   at spider_input.SQLDataTableModel.SQLiteInsertUpdateDelete(String SqlSelectString) in C:\Users\user\Desktop\Stock_Message_Bot_Project\spider_input\SQLDataTableModel.cs:line 112
2022-10-02 10:38:54:911 => Json2SQLite: INSERT INTO main (Time,Stock_code,Opening_price,Highest_price,Lowest_price,Closing_price,Price_difference) VALUES ('1110907','0056','28.00','28.00','27.78','27.90','-0.18');code = Constraint (19), message = System.Data.SQLite.SQLiteException (0x800027AF): constraint failed
UNIQUE constraint failed: main.Time, main.Stock_code
   at System.Data.SQLite.SQLite3.Reset(SQLiteStatement stmt)
   at System.Data.SQLite.SQLite3.Step(SQLiteStatement stmt)
   at System.Data.SQLite.SQLiteDataReader.NextResult()
   at System.Data.SQLite.SQLiteDataReader..ctor(SQLiteCommand cmd, CommandBehavior behave)
   at System.Data.SQLite.SQLiteCommand.ExecuteReader(CommandBehavior behavior)
   at System.Data.SQLite.SQLiteCommand.ExecuteNonQuery(CommandBehavior behavior)
   at System.Data.SQLite.SQLiteCommand.ExecuteNonQuery()
   at spider_input.SQLDataTableModel.SQLiteInsertUpdateDelete(String SqlSelectString) in C:\Users\user\Desktop\Stock_Message_Bot_Project\spider_input\SQLDataTableModel.cs:line 112
2022-10-02 10:38:54:912 => Json2SQLite: INSERT INTO main (Time,Stock_code,Opening_price,Highest_price,Lowest_price,Closing_price,Price_difference) VALUES ('1110908','0056','28.02','28.28','27.83','28.25','+0.35');code = Constraint (19), message = System.Data.SQLite.SQLiteException (0x800027AF): constraint failed
UNIQUE constraint failed: main.Time, main.Stock_code
   at System.Data.SQLite.SQLite3.Reset(SQLiteStatement stmt)
   at System.Data.SQLite.SQLite3.Step(SQLiteStatement stmt)
   at System.Data.SQLite.SQLiteDataReader.NextResult()
   at System.Data.SQLite.SQLiteDataReader..ctor(SQLiteCommand cmd, CommandBehavior behave)
   at System.Data.SQLite.SQLiteCommand.ExecuteReader(CommandBehavior behavior)
   at System.Data.SQLite.SQLiteCommand.ExecuteNonQuery(CommandBehavior behavior)
   at System.Data.SQLite.SQLiteCommand.ExecuteNonQuery()
   at spider_input.SQLDataTableModel.SQLiteInsertUpdateDelete(String SqlSelectString) in C:\Users\user\Desktop\Stock_Message_Bot_Project\spider_input\SQLDataTableModel.cs:line 112
2022-10-02 10:38:54:915 => Json2SQLite: INSERT INTO main (Time,Stock_code,Opening_price,Highest_price,Lowest_price,Closing_price,Price_difference) VALUES ('1110912','0056','28.48','28.62','28.40','28.56','+0.31');code = Constraint (19), message = System.Data.SQLite.SQLiteException (0x800027AF): constraint failed
UNIQUE constraint failed: main.Time, main.Stock_code
   at System.Data.SQLite.SQLite3.Reset(SQLiteStatement stmt)
   at System.Data.SQLite.SQLite3.Step(SQLiteStatement stmt)
   at System.Data.SQLite.SQLiteDataReader.NextResult()
   at System.Data.SQLite.SQLiteDataReader..ctor(SQLiteCommand cmd, CommandBehavior behave)
   at System.Data.SQLite.SQLiteCommand.ExecuteReader(CommandBehavior behavior)
   at System.Data.SQLite.SQLiteCommand.ExecuteNonQuery(CommandBehavior behavior)
   at System.Data.SQLite.SQLiteCommand.ExecuteNonQuery()
   at spider_input.SQLDataTableModel.SQLiteInsertUpdateDelete(String SqlSelectString) in C:\Users\user\Desktop\Stock_Message_Bot_Project\spider_input\SQLDataTableModel.cs:line 112
2022-10-02 10:38:54:917 => Json2SQLite: INSERT INTO main (Time,Stock_code,Opening_price,Highest_price,Lowest_price,Closing_price,Price_difference) VALUES ('1110913','0056','28.66','28.75','28.64','28.71','+0.15');code = Constraint (19), message = System.Data.SQLite.SQLiteException (0x800027AF): constraint failed
UNIQUE constraint failed: main.Time, main.Stock_code
   at System.Data.SQLite.SQLite3.Reset(SQLiteStatement stmt)
   at System.Data.SQLite.SQLite3.Step(SQLiteStatement stmt)
   at System.Data.SQLite.SQLiteDataReader.NextResult()
   at System.Data.SQLite.SQLiteDataReader..ctor(SQLiteCommand cmd, CommandBehavior behave)
   at System.Data.SQLite.SQLiteCommand.ExecuteReader(CommandBehavior behavior)
   at System.Data.SQLite.SQLiteCommand.ExecuteNonQuery(CommandBehavior behavior)
   at System.Data.SQLite.SQLiteCommand.ExecuteNonQuery()
   at spider_input.SQLDataTableModel.SQLiteInsertUpdateDelete(String SqlSelectString) in C:\Users\user\Desktop\Stock_Message_Bot_Project\spider_input\SQLDataTableModel.cs:line 112
2022-10-02 10:38:54:919 => Json2SQLite: INSERT INTO main (Time,Stock_code,Opening_price,Highest_price,Lowest_price,Closing_price,Price_difference) VALUES ('1110914','0056','28.16','28.37','28.11','28.35','-0.36');code = Constraint (19), message = System.Data.SQLite.SQLiteException (0x800027AF): constraint failed
UNIQUE constraint failed: main.Time, main.Stock_code
   at System.Data.SQLite.SQLite3.Reset(SQLiteStatement stmt)
   at System.Data.SQLite.SQLite3.Step(SQLiteStatement stmt)
   at System.Data.SQLite.SQLiteDataReader.NextResult()
   at System.Data.SQLite.SQLiteDataReader..ctor(SQLiteCommand cmd, CommandBehavior behave)
   at System.Data.SQLite.SQLiteCommand.ExecuteReader(CommandBehavior behavior)
   at System.Data.SQLite.SQLiteCommand.ExecuteNonQuery(CommandBehavior behavior)
   at System.Data.SQLite.SQLiteCommand.ExecuteNonQuery()
   at spider_input.SQLDataTableModel.SQLiteInsertUpdateDelete(String SqlSelectString) in C:\Users\user\Desktop\Stock_Message_Bot_Project\spider_input\SQLDataTableModel.cs:line 112
2022-10-02 10:38:54:920 => Json2SQLite: INSERT INTO main (Time,Stock_code,Opening_price,Highest_price,Lowest_price,Closing_price,Price_difference) VALUES ('1110915','0056','28.34','28.65','28.31','28.59','+0.24');code = Constraint (19), message = System.Data.SQLite.SQLiteException (0x800027AF): constraint failed
UNIQUE constraint failed: main.Time, main.Stock_code
   at System.Data.SQLite.SQLite3.Reset(SQLiteStatement stmt)
   at System.Data.SQLite.SQLite3.Step(SQLiteStatement stmt)
   at System.Data.SQLite.SQLiteDataReader.NextResult()
   at System.Data.SQLite.SQLiteDataReader..ctor(SQLiteCommand cmd, CommandBehavior behave)
   at System.Data.SQLite.SQLiteCommand.ExecuteReader(CommandBehavior behavior)
   at System.Data.SQLite.SQLiteCommand.ExecuteNonQuery(CommandBehavior behavior)
   at System.Data.SQLite.SQLiteCommand.ExecuteNonQuery()
   at spider_input.SQLDataTableModel.SQLiteInsertUpdateDelete(String SqlSelectString) in C:\Users\user\Desktop\Stock_Message_Bot_Project\spider_input\SQLDataTableModel.cs:line 112
2022-10-02 10:38:54:922 => Json2SQLite: INSERT INTO main (Time,Stock_code,Opening_price,Highest_price,Lowest_price,Closing_price,Price_difference) VALUES ('1110916','0056','28.39','28.41','28.20','28.28','-0.31');code = Constraint (19), message = System.Data.SQLite.SQLiteException (0x800027AF): constraint failed
UNIQUE constraint failed: main.Time, main.Stock_code
   at System.Data.SQLite.SQLite3.Reset(SQLiteStatement stmt)
   at System.Data.SQLite.SQLite3.Step(SQLiteStatement stmt)
   at System.Data.SQLite.SQLiteDataReader.NextResult()
   at System.Data.SQLite.SQLiteDataReader..ctor(SQLiteCommand cmd, CommandBehavior behave)
   at System.Data.SQLite.SQLiteCommand.ExecuteReader(CommandBehavior behavior)
   at System.Data.SQLite.SQLiteCommand.ExecuteNonQuery(CommandBehavior behavior)
   at System.Data.SQLite.SQLiteCommand.ExecuteNonQuery()
   at spider_input.SQLDataTableModel.SQLiteInsertUpdateDelete(String SqlSelectString) in C:\Users\user\Desktop\Stock_Message_Bot_Project\spider_input\SQLDataTableModel.cs:line 112
2022-10-02 10:38:54:924 => Json2SQLite: INSERT INTO main (Time,Stock_code,Opening_price,Highest_price,Lowest_price,Closing_price,Price_difference) VALUES ('1110919','0056','28.41','28.41','28.06','28.06','-0.22');code = Constraint (19), message = System.Data.SQLite.SQLiteException (0x800027AF): constraint failed
UNIQUE constraint failed: main.Time, main.Stock_code
   at System.Data.SQLite.SQLite3.Reset(SQLiteStatement stmt)
   at System.Data.SQLite.SQLite3.Step(SQLiteStatement stmt)
   at System.Data.SQLite.SQLiteDataReader.NextResult()
   at System.Data.SQLite.SQLiteDataReader..ctor(SQLiteCommand cmd, CommandBehavior behave)
   at System.Data.SQLite.SQLiteCommand.ExecuteReader(CommandBehavior behavior)
   at System.Data.SQLite.SQLiteCommand.ExecuteNonQuery(CommandBehavior behavior)
   at System.Data.SQLite.SQLiteCommand.ExecuteNonQuery()
   at spider_input.SQLDataTableModel.SQLiteInsertUpdateDelete(String SqlSelectString) in C:\Users\user\Desktop\Stock_Message_Bot_Project\spider_input\SQLDataTableModel.cs:line 112
2022-10-02 10:38:54:925 => Json2SQLite: INSERT INTO main (Time,Stock_code,Opening_price,Highest_price,Lowest_price,Closing_price,Price_difference) VALUES ('1110920','0056','28.18','28.22','27.94','27.98','-0.08');code = Constraint (19), message = System.Data.SQLite.SQLiteException (0x800027AF): constraint failed
UNIQUE constraint failed: main.Time, main.Stock_code
   at System.Data.SQLite.SQLite3.Reset(SQLiteStatement stmt)
   at System.Data.SQLite.SQLite3.Step(SQLiteStatement stmt)
   at System.Data.SQLite.SQLiteDataReader.NextResult()
   at System.Data.SQLite.SQLiteDataReader..ctor(SQLiteCommand cmd, CommandBehavior behave)
   at System.Data.SQLite.SQLiteCommand.ExecuteReader(CommandBehavior behavior)
   at System.Data.SQLite.SQLiteCommand.ExecuteNonQuery(CommandBehavior behavior)
   at System.Data.SQLite.SQLiteCommand.ExecuteNonQuery()
   at spider_input.SQLDataTableModel.SQLiteInsertUpdateDelete(String SqlSelectString) in C:\Users\user\Desktop\Stock_Message_Bot_Project\spider_input\SQLDataTableModel.cs:line 112
2022-10-02 10:38:54:927 => Json2SQLite: INSERT INTO main (Time,Stock_code,Opening_price,Highest_price,Lowest_price,Closing_price,Price_difference) VALUES ('1110921','0056','27.97','27.97','27.54','27.64','-0.34');code = Constraint (19), message = System.Data.SQLite.SQLiteException (0x800027AF): constraint failed
UNIQUE constraint failed: main.Time, main.Stock_code
   at System.Data.SQLite.SQLite3.Reset(SQLiteStatement stmt)
   at System.Data.SQLite.SQLite3.Step(SQLiteStatement stmt)
   at System.Data.SQLite.SQLiteDataReader.NextResult()
   at System.Data.SQLite.SQLiteDataReader..ctor(SQLiteCommand cmd, CommandBehavior behave)
   at System.Data.SQLite.SQLiteCommand.ExecuteReader(CommandBehavior behavior)
   at System.Data.SQLite.SQLiteCommand.ExecuteNonQuery(CommandBehavior behavior)
   at System.Data.SQLite.SQLiteCommand.ExecuteNonQuery()
   at spider_input.SQLDataTableModel.SQLiteInsertUpdateDelete(String SqlSelectString) in C:\Users\user\Desktop\Stock_Message_Bot_Project\spider_input\SQLDataTableModel.cs:line 112
2022-10-02 10:38:54:929 => Json2SQLite: INSERT INTO main (Time,Stock_code,Opening_price,Highest_price,Lowest_price,Closing_price,Price_difference) VALUES ('1110922','0056','27.35','27.35','27.05','27.17','-0.47');code = Constraint (19), message = System.Data.SQLite.SQLiteException (0x800027AF): constraint failed
UNIQUE constraint failed: main.Time, main.Stock_code
   at System.Data.SQLite.SQLite3.Reset(SQLiteStatement stmt)
   at System.Data.SQLite.SQLite3.Step(SQLiteStatement stmt)
   at System.Data.SQLite.SQLiteDataReader.NextResult()
   at System.Data.SQLite.SQLiteDataReader..ctor(SQLiteCommand cmd, CommandBehavior behave)
   at System.Data.SQLite.SQLiteCommand.ExecuteReader(CommandBehavior behavior)
   at System.Data.SQLite.SQLiteCommand.ExecuteNonQuery(CommandBehavior behavior)
   at System.Data.SQLite.SQLiteCommand.ExecuteNonQuery()
   at spider_input.SQLDataTableModel.SQLiteInsertUpdateDelete(String SqlSelectString) in C:\Users\user\Desktop\Stock_Message_Bot_Project\spider_input\SQLDataTableModel.cs:line 112
2022-10-02 10:38:54:930 => Json2SQLite: INSERT INTO main (Time,Stock_code,Opening_price,Highest_price,Lowest_price,Closing_price,Price_difference) VALUES ('1110923','0056','27.13','27.28','27.00','27.06','-0.11');code = Constraint (19), message = System.Data.SQLite.SQLiteException (0x800027AF): constraint failed
UNIQUE constraint failed: main.Time, main.Stock_code
   at System.Data.SQLite.SQLite3.Reset(SQLiteStatement stmt)
   at System.Data.SQLite.SQLite3.Step(SQLiteStatement stmt)
   at System.Data.SQLite.SQLiteDataReader.NextResult()
   at System.Data.SQLite.SQLiteDataReader..ctor(SQLiteCommand cmd, CommandBehavior behave)
   at System.Data.SQLite.SQLiteCommand.ExecuteReader(CommandBehavior behavior)
   at System.Data.SQLite.SQLiteCommand.ExecuteNonQuery(CommandBehavior behavior)
   at System.Data.SQLite.SQLiteCommand.ExecuteNonQuery()
   at spider_input.SQLDataTableModel.SQLiteInsertUpdateDelete(String SqlSelectString) in C:\Users\user\Desktop\Stock_Message_Bot_Project\spider_input\SQLDataTableModel.cs:line 112
2022-10-02 10:38:54:932 => Json2SQLite: INSERT INTO main (Time,Stock_code,Opening_price,Highest_price,Lowest_price,Closing_price,Price_difference) VALUES ('1110926','0056','26.80','26.83','26.19','26.33','-0.73');code = Constraint (19), message = System.Data.SQLite.SQLiteException (0x800027AF): constraint failed
UNIQUE constraint failed: main.Time, main.Stock_code
   at System.Data.SQLite.SQLite3.Reset(SQLiteStatement stmt)
   at System.Data.SQLite.SQLite3.Step(SQLiteStatement stmt)
   at System.Data.SQLite.SQLiteDataReader.NextResult()
   at System.Data.SQLite.SQLiteDataReader..ctor(SQLiteCommand cmd, CommandBehavior behave)
   at System.Data.SQLite.SQLiteCommand.ExecuteReader(CommandBehavior behavior)
   at System.Data.SQLite.SQLiteCommand.ExecuteNonQuery(CommandBehavior behavior)
   at System.Data.SQLite.SQLiteCommand.ExecuteNonQuery()
   at spider_input.SQLDataTableModel.SQLiteInsertUpdateDelete(String SqlSelectString) in C:\Users\user\Desktop\Stock_Message_Bot_Project\spider_input\SQLDataTableModel.cs:line 112
2022-10-02 10:38:54:934 => Json2SQLite: INSERT INTO main (Time,Stock_code,Opening_price,Highest_price,Lowest_price,Closing_price,Price_difference) VALUES ('1110927','0056','26.33','26.47','26.16','26.33',' 0.00');code = Constraint (19), message = System.Data.SQLite.SQLiteException (0x800027AF): constraint failed
UNIQUE constraint failed: main.Time, main.Stock_code
   at System.Data.SQLite.SQLite3.Reset(SQLiteStatement stmt)
   at System.Data.SQLite.SQLite3.Step(SQLiteStatement stmt)
   at System.Data.SQLite.SQLiteDataReader.NextResult()
   at System.Data.SQLite.SQLiteDataReader..ctor(SQLiteCommand cmd, CommandBehavior behave)
   at System.Data.SQLite.SQLiteCommand.ExecuteReader(CommandBehavior behavior)
   at System.Data.SQLite.SQLiteCommand.ExecuteNonQuery(CommandBehavior behavior)
   at System.Data.SQLite.SQLiteCommand.ExecuteNonQuery()
   at spider_input.SQLDataTableModel.SQLiteInsertUpdateDelete(String SqlSelectString) in C:\Users\user\Desktop\Stock_Message_Bot_Project\spider_input\SQLDataTableModel.cs:line 112
2022-10-02 10:38:54:935 => Json2SQLite: INSERT INTO main (Time,Stock_code,Opening_price,Highest_price,Lowest_price,Closing_price,Price_difference) VALUES ('1110928','0056','26.34','26.37','25.79','25.83','-0.50');code = Constraint (19), message = System.Data.SQLite.SQLiteException (0x800027AF): constraint failed
UNIQUE constraint failed: main.Time, main.Stock_code
   at System.Data.SQLite.SQLite3.Reset(SQLiteStatement stmt)
   at System.Data.SQLite.SQLite3.Step(SQLiteStatement stmt)
   at System.Data.SQLite.SQLiteDataReader.NextResult()
   at System.Data.SQLite.SQLiteDataReader..ctor(SQLiteCommand cmd, CommandBehavior behave)
   at System.Data.SQLite.SQLiteCommand.ExecuteReader(CommandBehavior behavior)
   at System.Data.SQLite.SQLiteCommand.ExecuteNonQuery(CommandBehavior behavior)
   at System.Data.SQLite.SQLiteCommand.ExecuteNonQuery()
   at spider_input.SQLDataTableModel.SQLiteInsertUpdateDelete(String SqlSelectString) in C:\Users\user\Desktop\Stock_Message_Bot_Project\spider_input\SQLDataTableModel.cs:line 112
2022-10-02 10:38:54:937 => Json2SQLite: INSERT INTO main (Time,Stock_code,Opening_price,Highest_price,Lowest_price,Closing_price,Price_difference) VALUES ('1110929','0056','26.09','26.11','25.71','25.81','-0.02');code = Constraint (19), message = System.Data.SQLite.SQLiteException (0x800027AF): constraint failed
UNIQUE constraint failed: main.Time, main.Stock_code
   at System.Data.SQLite.SQLite3.Reset(SQLiteStatement stmt)
   at System.Data.SQLite.SQLite3.Step(SQLiteStatement stmt)
   at System.Data.SQLite.SQLiteDataReader.NextResult()
   at System.Data.SQLite.SQLiteDataReader..ctor(SQLiteCommand cmd, CommandBehavior behave)
   at System.Data.SQLite.SQLiteCommand.ExecuteReader(CommandBehavior behavior)
   at System.Data.SQLite.SQLiteCommand.ExecuteNonQuery(CommandBehavior behavior)
   at System.Data.SQLite.SQLiteCommand.ExecuteNonQuery()
   at spider_input.SQLDataTableModel.SQLiteInsertUpdateDelete(String SqlSelectString) in C:\Users\user\Desktop\Stock_Message_Bot_Project\spider_input\SQLDataTableModel.cs:line 112
2022-10-02 10:38:54:938 => Json2SQLite: INSERT INTO main (Time,Stock_code,Opening_price,Highest_price,Lowest_price,Closing_price,Price_difference) VALUES ('1110930','0056','25.61','25.78','25.47','25.78','-0.03');code = Constraint (19), message = System.Data.SQLite.SQLiteException (0x800027AF): constraint failed
UNIQUE constraint failed: main.Time, main.Stock_code
   at System.Data.SQLite.SQLite3.Reset(SQLiteStatement stmt)
   at System.Data.SQLite.SQLite3.Step(SQLiteStatement stmt)
   at System.Data.SQLite.SQLiteDataReader.NextResult()
   at System.Data.SQLite.SQLiteDataReader..ctor(SQLiteCommand cmd, CommandBehavior behave)
   at System.Data.SQLite.SQLiteCommand.ExecuteReader(CommandBehavior behavior)
   at System.Data.SQLite.SQLiteCommand.ExecuteNonQuery(CommandBehavior behavior)
   at System.Data.SQLite.SQLiteCommand.ExecuteNonQuery()
   at spider_input.SQLDataTableModel.SQLiteInsertUpdateDelete(String SqlSelectString) in C:\Users\user\Desktop\Stock_Message_Bot_Project\spider_input\SQLDataTableModel.cs:line 112
2022-10-02 10:38:56:807 => spider_input Close
2022-10-02 10:40:22:456 => spider_input Start
2022-10-02 10:40:22:460 => wget Start
2022-10-02 10:40:22:874 => wget Close
2022-10-02 10:40:23:121 => Json2SQLite: INSERT INTO main (Time,Stock_code,Opening_price,Highest_price,Lowest_price,Closing_price,Price_difference) VALUES ('1110901','0056','28.49','28.51','28.32','28.44','-0.35');success
2022-10-02 10:40:23:138 => Json2SQLite: INSERT INTO main (Time,Stock_code,Opening_price,Highest_price,Lowest_price,Closing_price,Price_difference) VALUES ('1110902','0056','28.40','28.45','28.10','28.10','-0.34');success
2022-10-02 10:40:23:150 => Json2SQLite: INSERT INTO main (Time,Stock_code,Opening_price,Highest_price,Lowest_price,Closing_price,Price_difference) VALUES ('1110905','0056','28.06','28.20','27.96','28.18','+0.08');success
2022-10-02 10:40:23:166 => Json2SQLite: INSERT INTO main (Time,Stock_code,Opening_price,Highest_price,Lowest_price,Closing_price,Price_difference) VALUES ('1110906','0056','28.25','28.30','28.01','28.08','-0.10');success
2022-10-02 10:40:23:178 => Json2SQLite: INSERT INTO main (Time,Stock_code,Opening_price,Highest_price,Lowest_price,Closing_price,Price_difference) VALUES ('1110907','0056','28.00','28.00','27.78','27.90','-0.18');success
2022-10-02 10:40:23:190 => Json2SQLite: INSERT INTO main (Time,Stock_code,Opening_price,Highest_price,Lowest_price,Closing_price,Price_difference) VALUES ('1110908','0056','28.02','28.28','27.83','28.25','+0.35');success
2022-10-02 10:40:23:202 => Json2SQLite: INSERT INTO main (Time,Stock_code,Opening_price,Highest_price,Lowest_price,Closing_price,Price_difference) VALUES ('1110912','0056','28.48','28.62','28.40','28.56','+0.31');success
2022-10-02 10:40:23:216 => Json2SQLite: INSERT INTO main (Time,Stock_code,Opening_price,Highest_price,Lowest_price,Closing_price,Price_difference) VALUES ('1110913','0056','28.66','28.75','28.64','28.71','+0.15');success
2022-10-02 10:40:23:228 => Json2SQLite: INSERT INTO main (Time,Stock_code,Opening_price,Highest_price,Lowest_price,Closing_price,Price_difference) VALUES ('1110914','0056','28.16','28.37','28.11','28.35','-0.36');success
2022-10-02 10:40:23:241 => Json2SQLite: INSERT INTO main (Time,Stock_code,Opening_price,Highest_price,Lowest_price,Closing_price,Price_difference) VALUES ('1110915','0056','28.34','28.65','28.31','28.59','+0.24');success
2022-10-02 10:40:23:253 => Json2SQLite: INSERT INTO main (Time,Stock_code,Opening_price,Highest_price,Lowest_price,Closing_price,Price_difference) VALUES ('1110916','0056','28.39','28.41','28.20','28.28','-0.31');success
2022-10-02 10:40:23:265 => Json2SQLite: INSERT INTO main (Time,Stock_code,Opening_price,Highest_price,Lowest_price,Closing_price,Price_difference) VALUES ('1110919','0056','28.41','28.41','28.06','28.06','-0.22');success
2022-10-02 10:40:23:279 => Json2SQLite: INSERT INTO main (Time,Stock_code,Opening_price,Highest_price,Lowest_price,Closing_price,Price_difference) VALUES ('1110920','0056','28.18','28.22','27.94','27.98','-0.08');success
2022-10-02 10:40:23:293 => Json2SQLite: INSERT INTO main (Time,Stock_code,Opening_price,Highest_price,Lowest_price,Closing_price,Price_difference) VALUES ('1110921','0056','27.97','27.97','27.54','27.64','-0.34');success
2022-10-02 10:40:23:307 => Json2SQLite: INSERT INTO main (Time,Stock_code,Opening_price,Highest_price,Lowest_price,Closing_price,Price_difference) VALUES ('1110922','0056','27.35','27.35','27.05','27.17','-0.47');success
2022-10-02 10:40:23:319 => Json2SQLite: INSERT INTO main (Time,Stock_code,Opening_price,Highest_price,Lowest_price,Closing_price,Price_difference) VALUES ('1110923','0056','27.13','27.28','27.00','27.06','-0.11');success
2022-10-02 10:40:23:333 => Json2SQLite: INSERT INTO main (Time,Stock_code,Opening_price,Highest_price,Lowest_price,Closing_price,Price_difference) VALUES ('1110926','0056','26.80','26.83','26.19','26.33','-0.73');success
2022-10-02 10:40:23:356 => Json2SQLite: INSERT INTO main (Time,Stock_code,Opening_price,Highest_price,Lowest_price,Closing_price,Price_difference) VALUES ('1110927','0056','26.33','26.47','26.16','26.33',' 0.00');success
2022-10-02 10:40:23:370 => Json2SQLite: INSERT INTO main (Time,Stock_code,Opening_price,Highest_price,Lowest_price,Closing_price,Price_difference) VALUES ('1110928','0056','26.34','26.37','25.79','25.83','-0.50');success
2022-10-02 10:40:23:383 => Json2SQLite: INSERT INTO main (Time,Stock_code,Opening_price,Highest_price,Lowest_price,Closing_price,Price_difference) VALUES ('1110929','0056','26.09','26.11','25.71','25.81','-0.02');success
2022-10-02 10:40:23:408 => Json2SQLite: INSERT INTO main (Time,Stock_code,Opening_price,Highest_price,Lowest_price,Closing_price,Price_difference) VALUES ('1110930','0056','25.61','25.78','25.47','25.78','-0.03');success
2022-10-02 10:40:28:380 => spider_input Close
